<?xml version="1.0" encoding="UTF-8"?>
<!-- Generated by org.testng.reporters.JUnitReportReporter -->
<testsuite hostname="G1C2ML15625" name="listner.TestCases" tests="2" failures="0" timestamp="10 Aug 2018 06:00:40 GMT" time="25.881" errors="0">
  <testcase name="loginGmail" time="17.617" classname="listner.TestCases"/>
  <testcase name="sendMail" time="8.264" classname="listner.TestCases"/>
</testsuite> <!-- listner.TestCases -->
