<?xml version="1.0" encoding="UTF-8"?>
<!-- Generated by org.testng.reporters.JUnitReportReporter -->
<testsuite hostname="G1C2ML15625" name="gmail.accnTest.TestNGTest_dataprovider" tests="4" failures="0" timestamp="10 Aug 2018 04:12:09 GMT" time="13.542" errors="0">
  <testcase name="tesst1" time="2.824" classname="gmail.accnTest.TestNGTest_dataprovider"/>
  <testcase name="tesst1" time="4.107" classname="gmail.accnTest.TestNGTest_dataprovider"/>
  <testcase name="tesst1" time="3.332" classname="gmail.accnTest.TestNGTest_dataprovider"/>
  <testcase name="tesst1" time="3.279" classname="gmail.accnTest.TestNGTest_dataprovider"/>
</testsuite> <!-- gmail.accnTest.TestNGTest_dataprovider -->
