<?xml version="1.0" encoding="UTF-8"?>
<!-- Generated by org.testng.reporters.JUnitReportReporter -->
<testsuite skipped="0" hostname="G1C2ML15625" name="selenium.TestNGTest" tests="3" failures="0" timestamp="06 Aug 2018 07:01:56 GMT" time="9.892" errors="0">
  <testcase name="tesst2" time="3.427" classname="selenium.TestNGTest"/>
  <testcase name="tesst" time="3.074" classname="selenium.TestNGTest"/>
  <testcase name="tesst1" time="3.391" classname="selenium.TestNGTest"/>
</testsuite> <!-- selenium.TestNGTest -->
