<?xml version="1.0" encoding="UTF-8"?>
<!-- Generated by org.testng.reporters.JUnitReportReporter -->
<testsuite hostname="G1C2ML15625" name="flight.oneway.Oneway" tests="6" failures="0" timestamp="13 Aug 2018 03:56:40 GMT" time="25.732" errors="0">
  <testcase name="selectTrip" time="8.504" classname="flight.oneway.Oneway"/>
  <testcase name="login" time="4.305" classname="flight.oneway.Oneway"/>
  <testcase name="selectOne" time="0.151" classname="flight.oneway.Oneway"/>
  <testcase name="selectTrip" time="8.310" classname="flight.oneway.Oneway"/>
  <testcase name="login" time="4.368" classname="flight.oneway.Oneway"/>
  <testcase name="roundTrip" time="0.094" classname="flight.oneway.Oneway"/>
</testsuite> <!-- flight.oneway.Oneway -->
