<?xml version="1.0" encoding="UTF-8"?>
<!-- Generated by org.testng.reporters.JUnitReportReporter -->
<testsuite skipped="0" hostname="G1C2ML15625" name="selenium.TestNGTest_dataprovider" tests="3" failures="0" timestamp="06 Aug 2018 06:41:13 GMT" time="16.094" errors="0">
  <testcase name="tesst1" time="5.187" classname="selenium.TestNGTest_dataprovider"/>
  <testcase name="tesst1" time="4.792" classname="selenium.TestNGTest_dataprovider"/>
  <testcase name="tesst1" time="6.115" classname="selenium.TestNGTest_dataprovider"/>
</testsuite> <!-- selenium.TestNGTest_dataprovider -->
