<?xml version="1.0" encoding="UTF-8"?>
<!-- Generated by org.testng.reporters.JUnitReportReporter -->
<testsuite hostname="G1C2ML15625" name="selenium1_1.Assignment2" tests="1" failures="0" timestamp="7 Aug 2018 08:01:21 GMT" time="23.205" errors="0">
  <testcase name="print" time="23.205" classname="selenium1_1.Assignment2"/>
</testsuite> <!-- selenium1_1.Assignment2 -->
